#
# There is insufficient memory for the Java Runtime Environment to continue.
# Native memory allocation (mmap) failed to map 67108864 bytes for G1 virtual space
# Possible reasons:
#   The system is out of physical RAM or swap space
#   The process is running with CompressedOops enabled, and the Java Heap may be blocking the growth of the native heap
# Possible solutions:
#   Reduce memory load on the system
#   Increase physical memory or swap space
#   Check if swap backing store is full
#   Decrease Java heap size (-Xmx/-Xms)
#   Decrease number of Java threads
#   Decrease Java thread stack sizes (-Xss)
#   Set larger code cache with -XX:ReservedCodeCacheSize=
#   JVM is running with Unscaled Compressed Oops mode in which the Java heap is
#     placed in the first 4GB address space. The Java Heap base address is the
#     maximum limit for the native heap growth. Please use -XX:HeapBaseMinAddress
#     to set the Java Heap base and to place the Java Heap above 4GB virtual address.
# This output file may be truncated or incomplete.
#
#  Out of Memory Error (os_windows.cpp:3548), pid=4700, tid=31644
#
# JRE version:  (17.0.12+8) (build )
# Java VM: Java HotSpot(TM) 64-Bit Server VM (17.0.12+8-LTS-286, mixed mode, sharing, tiered, compressed oops, compressed class ptrs, g1 gc, windows-amd64)
# No core dump will be written. Minidumps are not enabled by default on client versions of Windows
#

---------------  S U M M A R Y ------------

Command Line: -Xmx64m -Xms64m -Dorg.gradle.appname=gradlew C:\Users\kit67\OneDrive\Рабочий стол\LR6\\gradle\wrapper\gradle-wrapper.jar dependencies

Host: AMD Ryzen 5 5500U with Radeon Graphics         , 12 cores, 15G,  Windows 10 , 64 bit Build 19041 (10.0.19041.5794)
Time: Mon May 19 00:10:23 2025 RTZ 2 (s 10 , 64 bit Build 19041 (10.0.19041.5794) elapsed time: 0.014694 seconds (0d 0h 0m 0s)

---------------  T H R E A D  ---------------

Current thread (0x000001de17986a20):  JavaThread "Unknown thread" [_thread_in_vm, id=31644, stack(0x000000b921100000,0x000000b921200000)]

Stack: [0x000000b921100000,0x000000b921200000]
Native frames: (J=compiled Java code, j=interpreted, Vv=VM code, C=native code)
V  [jvm.dll+0x67a04a]
V  [jvm.dll+0x7da4ed]
V  [jvm.dll+0x7dbe33]
V  [jvm.dll+0x7dc4a3]
V  [jvm.dll+0x24508f]
V  [jvm.dll+0x677089]
V  [jvm.dll+0x66bd32]
V  [jvm.dll+0x301fa6]
V  [jvm.dll+0x309546]
V  [jvm.dll+0x359d2e]
V  [jvm.dll+0x359f5f]
V  [jvm.dll+0x2d9078]
V  [jvm.dll+0x2d9fe4]
V  [jvm.dll+0x7aca21]
V  [jvm.dll+0x367591]
V  [jvm.dll+0x78b999]
V  [jvm.dll+0x3ec83f]
V  [jvm.dll+0x3ee471]
C  [jli.dll+0x5297]
C  [ucrtbase.dll+0x21bb2]
C  [KERNEL32.DLL+0x17374]
C  [ntdll.dll+0x4cc91]


---------------  P R O C E S S  ---------------

Threads class SMR info:
_java_thread_list=0x00007fffd2217a18, length=0, elements={
}

Java Threads: ( => current thread )

Other Threads:
  0x000001de179a6670 GCTaskThread "GC Thread#0" [stack: 0x000000b921200000,0x000000b921300000] [id=25052]
  0x000001de179a8ce0 ConcurrentGCThread "G1 Main Marker" [stack: 0x000000b921300000,0x000000b921400000] [id=31676]
  0x000001de179aadb0 ConcurrentGCThread "G1 Conc#0" [stack: 0x000000b921400000,0x000000b921500000] [id=23640]

[error occurred during error reporting (printing all threads), id 0xc0000005, EXCEPTION_ACCESS_VIOLATION (0xc0000005) at pc=0x00007fffd1a49b67]

VM state: not at safepoint (not fully initialized)

VM Mutex/Monitor currently owned by a thread:  ([mutex/lock_event])
[0x000001de1797ff00] Heap_lock - owner thread: 0x000001de17986a20

Heap address: 0x00000000fc000000, size: 64 MB, Compressed Oops mode: 32-bit

CDS archive(s) mapped at: [0x0000000000000000-0x0000000000000000-0x0000000000000000), size 0, SharedBaseAddress: 0x0000000800000000, ArchiveRelocationMode: 1.
Narrow klass base: 0x0000000000000000, Narrow klass shift: 0, Narrow klass range: 0x0

GC Precious Log:
<Empty>

Heap:
 garbage-first heap   total 0K, used 0K [0x00000000fc000000, 0x0000000100000000)
  region size 1024K, 0 young (0K), 0 survivors (0K)

[error occurred during error reporting (printing heap information), id 0xc0000005, EXCEPTION_ACCESS_VIOLATION (0xc0000005) at pc=0x00007fffd1e33859]

GC Heap History (0 events):
No events

Deoptimization events (0 events):
No events

Classes unloaded (0 events):
No events

Classes redefined (0 events):
No events

Internal exceptions (0 events):
No events

VM Operations (0 events):
No events

Events (1 events):
Event: 0.006 Loaded shared library C:\Program Files\Java\jdk-17\bin\java.dll


Dynamic libraries:
0x00007ff7527e0000 - 0x00007ff7527f0000 	C:\Program Files\Java\jdk-17\bin\java.exe
0x00007ff812c10000 - 0x00007ff812e08000 	C:\Windows\SYSTEM32\ntdll.dll
0x00007ff811c70000 - 0x00007ff811d32000 	C:\Windows\System32\KERNEL32.DLL
0x00007ff8104e0000 - 0x00007ff8107d6000 	C:\Windows\System32\KERNELBASE.dll
0x00007ff810a60000 - 0x00007ff810b60000 	C:\Windows\System32\ucrtbase.dll
0x00007fffebd20000 - 0x00007fffebd3b000 	C:\Program Files\Java\jdk-17\bin\VCRUNTIME140.dll
0x00007ff8056e0000 - 0x00007ff8056f9000 	C:\Program Files\Java\jdk-17\bin\jli.dll
0x00007ff812af0000 - 0x00007ff812b9f000 	C:\Windows\System32\ADVAPI32.dll
0x00007ff8119d0000 - 0x00007ff811a6e000 	C:\Windows\System32\msvcrt.dll
0x00007ff811920000 - 0x00007ff8119bf000 	C:\Windows\System32\sechost.dll
0x00007ff811a70000 - 0x00007ff811b93000 	C:\Windows\System32\RPCRT4.dll
0x00007ff8108d0000 - 0x00007ff8108f7000 	C:\Windows\System32\bcrypt.dll
0x00007ff812560000 - 0x00007ff8126fd000 	C:\Windows\System32\USER32.dll
0x00007ff8104b0000 - 0x00007ff8104d2000 	C:\Windows\System32\win32u.dll
0x00007ff804a10000 - 0x00007ff804caa000 	C:\Windows\WinSxS\amd64_microsoft.windows.common-controls_6595b64144ccf1df_6.0.19041.5794_none_60bcd33171f2783c\COMCTL32.dll
0x00007ff812370000 - 0x00007ff81239b000 	C:\Windows\System32\GDI32.dll
0x00007ff810390000 - 0x00007ff8104aa000 	C:\Windows\System32\gdi32full.dll
0x00007ff810830000 - 0x00007ff8108cd000 	C:\Windows\System32\msvcp_win.dll
0x00007ff805990000 - 0x00007ff80599a000 	C:\Windows\SYSTEM32\VERSION.dll
0x00007ff812530000 - 0x00007ff81255f000 	C:\Windows\System32\IMM32.DLL
0x00007ff8054d0000 - 0x00007ff8054dc000 	C:\Program Files\Java\jdk-17\bin\vcruntime140_1.dll
0x00007fffd5050000 - 0x00007fffd50de000 	C:\Program Files\Java\jdk-17\bin\msvcp140.dll
0x00007fffd1760000 - 0x00007fffd2340000 	C:\Program Files\Java\jdk-17\bin\server\jvm.dll
0x00007ff8121a0000 - 0x00007ff8121a8000 	C:\Windows\System32\PSAPI.DLL
0x00007ff80d400000 - 0x00007ff80d409000 	C:\Windows\SYSTEM32\WSOCK32.dll
0x00007ff801cc0000 - 0x00007ff801ce7000 	C:\Windows\SYSTEM32\WINMM.dll
0x00007ff811d40000 - 0x00007ff811dab000 	C:\Windows\System32\WS2_32.dll
0x00007ff80eaa0000 - 0x00007ff80eab2000 	C:\Windows\SYSTEM32\kernel.appcore.dll
0x00007ff8048e0000 - 0x00007ff8048ea000 	C:\Program Files\Java\jdk-17\bin\jimage.dll
0x00007ff80e0b0000 - 0x00007ff80e2b1000 	C:\Windows\SYSTEM32\DBGHELP.DLL
0x00007ff806260000 - 0x00007ff806294000 	C:\Windows\SYSTEM32\dbgcore.DLL
0x00007ff810300000 - 0x00007ff810382000 	C:\Windows\System32\bcryptPrimitives.dll
0x00007fffe6370000 - 0x00007fffe6395000 	C:\Program Files\Java\jdk-17\bin\java.dll

dbghelp: loaded successfully - version: 4.0.5 - missing functions: none
symbol engine: initialized successfully - sym options: 0x614 - pdb path: .;C:\Program Files\Java\jdk-17\bin;C:\Windows\SYSTEM32;C:\Windows\WinSxS\amd64_microsoft.windows.common-controls_6595b64144ccf1df_6.0.19041.5794_none_60bcd33171f2783c;C:\Program Files\Java\jdk-17\bin\server

VM Arguments:
jvm_args: -Xmx64m -Xms64m -Dorg.gradle.appname=gradlew 
java_command: C:\Users\kit67\OneDrive\Рабочий стол\LR6\\gradle\wrapper\gradle-wrapper.jar dependencies
java_class_path (initial): C:\Users\kit67\OneDrive\Рабочий стол\LR6\\gradle\wrapper\gradle-wrapper.jar
Launcher Type: SUN_STANDARD

[Global flags]
     intx CICompilerCount                          = 4                                         {product} {ergonomic}
     uint ConcGCThreads                            = 3                                         {product} {ergonomic}
     uint G1ConcRefinementThreads                  = 10                                        {product} {ergonomic}
   size_t G1HeapRegionSize                         = 1048576                                   {product} {ergonomic}
    uintx GCDrainStackTargetSize                   = 64                                        {product} {ergonomic}
   size_t InitialHeapSize                          = 67108864                                  {product} {command line}
   size_t MarkStackSize                            = 4194304                                   {product} {ergonomic}
   size_t MaxHeapSize                              = 67108864                                  {product} {command line}
   size_t MinHeapDeltaBytes                        = 1048576                                   {product} {ergonomic}
   size_t MinHeapSize                              = 67108864                                  {product} {command line}
    uintx NonNMethodCodeHeapSize                   = 5839372                                {pd product} {ergonomic}
    uintx NonProfiledCodeHeapSize                  = 122909434                              {pd product} {ergonomic}
    uintx ProfiledCodeHeapSize                     = 122909434                              {pd product} {ergonomic}
    uintx ReservedCodeCacheSize                    = 251658240                              {pd product} {ergonomic}
     bool SegmentedCodeCache                       = true                                      {product} {ergonomic}
   size_t SoftMaxHeapSize                          = 67108864                               {manageable} {ergonomic}
     bool UseCompressedClassPointers               = true                           {product lp64_product} {ergonomic}
     bool UseCompressedOops                        = true                           {product lp64_product} {ergonomic}
     bool UseG1GC                                  = true                                      {product} {ergonomic}
     bool UseLargePagesIndividualAllocation        = false                                  {pd product} {ergonomic}

Logging:
Log output configuration:
 #0: stdout all=warning uptime,level,tags
 #1: stderr all=off uptime,level,tags

Environment Variables:
JAVA_HOME=C:\Program Files\Java\jdk-17
PATH=C:\Program Files\Google\Chrome\Application;C:\Program Files\Java\jdk-17\bin;C:\Program Files\Common Files\Oracle\Java\javapath;C:\ProgramData\Oracle\Java\javapath;C:\Windows\system32;C:\Windows;C:\Windows\System32\Wbem;C:\Windows\System32\WindowsPowerShell\v1.0\;C:\Windows\System32\OpenSSH\;C:\Program Files\dotnet\;D:\Programs\Git\cmd;D:\Programs\MiKTeX\miktex\bin\x64\;D:\Programs\Maven\apache-maven-3.9.9\bin;C:\python\Scripts\;C:\python\;C:\Users\kit67\AppData\Local\Programs\Python\Launcher\;C:\Users\kit67\AppData\Local\Microsoft\WindowsApps;C:\Users\kit67\AppData\Local\Programs\Microsoft VS Code\bin;C:\Program Files\Java\jdk-17\bin;C:\Users\kit673\AppData\Local\pip;D:\Programs\Maven\apache-maven-3.9.9\bin;
USERNAME=kit67
LANG=en_US.UTF-8
OS=Windows_NT
PROCESSOR_IDENTIFIER=AMD64 Family 23 Model 104 Stepping 1, AuthenticAMD



---------------  S Y S T E M  ---------------

OS:
 Windows 10 , 64 bit Build 19041 (10.0.19041.5794)
OS uptime: 3 days 23:48 hours

CPU: total 12 (initial active 12) (12 cores per cpu, 2 threads per core) family 23 model 104 stepping 1 microcode 0x0, cx8, cmov, fxsr, ht, mmx, 3dnowpref, sse, sse2, sse3, ssse3, sse4a, sse4.1, sse4.2, popcnt, lzcnt, tsc, tscinvbit, avx, avx2, aes, clmul, bmi1, bmi2, adx, sha, fma, vzeroupper, clflush, clflushopt

Memory: 4k page, system-wide physical 15706M (948M free)
TotalPageFile size 31066M (AvailPageFile size 46M)
current process WorkingSet (physical memory assigned to process): 10M, peak: 10M
current process commit charge ("private bytes"): 63M, peak: 127M

vm_info: Java HotSpot(TM) 64-Bit Server VM (17.0.12+8-LTS-286) for windows-amd64 JRE (17.0.12+8-LTS-286), built on Jun  5 2024 06:46:59 by "mach5one" with MS VC++ 17.6 (VS2022)

END.
