#
# There is insufficient memory for the Java Runtime Environment to continue.
# Native memory allocation (mmap) failed to map 257949696 bytes for G1 virtual space
# Possible reasons:
#   The system is out of physical RAM or swap space
#   The process is running with CompressedOops enabled, and the Java Heap may be blocking the growth of the native heap
# Possible solutions:
#   Reduce memory load on the system
#   Increase physical memory or swap space
#   Check if swap backing store is full
#   Decrease Java heap size (-Xmx/-Xms)
#   Decrease number of Java threads
#   Decrease Java thread stack sizes (-Xss)
#   Set larger code cache with -XX:ReservedCodeCacheSize=
#   JVM is running with Unscaled Compressed Oops mode in which the Java heap is
#     placed in the first 4GB address space. The Java Heap base address is the
#     maximum limit for the native heap growth. Please use -XX:HeapBaseMinAddress
#     to set the Java Heap base and to place the Java Heap above 4GB virtual address.
# This output file may be truncated or incomplete.
#
#  Out of Memory Error (os_windows.cpp:3548), pid=19984, tid=23096
#
# JRE version:  (17.0.12+8) (build )
# Java VM: Java HotSpot(TM) 64-Bit Server VM (17.0.12+8-LTS-286, mixed mode, sharing, tiered, compressed oops, compressed class ptrs, g1 gc, windows-amd64)
# No core dump will be written. Minidumps are not enabled by default on client versions of Windows
#

---------------  S U M M A R Y ------------

Command Line: -Dorg.gradle.internal.worker.tmpdir=C:\Users\kit67\OneDrive\Рабочий стол\LR6\server\build\tmp\test\work -Xmx512m -Dfile.encoding=windows-1251 -Duser.country=RU -Duser.language=ru -Duser.variant -ea worker.org.gradle.process.internal.worker.GradleWorkerMain 'Gradle Test Executor 3'

Host: AMD Ryzen 5 5500U with Radeon Graphics         , 12 cores, 15G,  Windows 10 , 64 bit Build 19041 (10.0.19041.5794)
Time: Mon May 19 21:45:42 2025 RTZ 2 (s 10 , 64 bit Build 19041 (10.0.19041.5794) elapsed time: 0.014989 seconds (0d 0h 0m 0s)

---------------  T H R E A D  ---------------

Current thread (0x00000125445175d0):  JavaThread "Unknown thread" [_thread_in_vm, id=23096, stack(0x0000002090200000,0x0000002090300000)]

Stack: [0x0000002090200000,0x0000002090300000]
Native frames: (J=compiled Java code, j=interpreted, Vv=VM code, C=native code)
V  [jvm.dll+0x67a04a]
V  [jvm.dll+0x7da4ed]
V  [jvm.dll+0x7dbe33]
V  [jvm.dll+0x7dc4a3]
V  [jvm.dll+0x24508f]
V  [jvm.dll+0x677089]
V  [jvm.dll+0x66bd32]
V  [jvm.dll+0x301fa6]
V  [jvm.dll+0x309546]
V  [jvm.dll+0x359d2e]
V  [jvm.dll+0x359f5f]
V  [jvm.dll+0x2d9078]
V  [jvm.dll+0x2d9fe4]
V  [jvm.dll+0x7aca21]
V  [jvm.dll+0x367591]
V  [jvm.dll+0x78b999]
V  [jvm.dll+0x3ec83f]
V  [jvm.dll+0x3ee471]
C  [jli.dll+0x5297]
C  [ucrtbase.dll+0x21bb2]
C  [KERNEL32.DLL+0x17374]
C  [ntdll.dll+0x4cc91]


---------------  P R O C E S S  ---------------

Threads class SMR info:
_java_thread_list=0x00007fffa6ba7a18, length=0, elements={
}

Java Threads: ( => current thread )

Other Threads:
  0x000001254454ceb0 GCTaskThread "GC Thread#0" [stack: 0x0000002090300000,0x0000002090400000] [id=6632]
  0x0000012544551e00 ConcurrentGCThread "G1 Main Marker" [stack: 0x0000002090400000,0x0000002090500000] [id=34912]
  0x0000012544553820 ConcurrentGCThread "G1 Conc#0" [stack: 0x0000002090500000,0x0000002090600000] [id=1080]

[error occurred during error reporting (printing all threads), id 0xc0000005, EXCEPTION_ACCESS_VIOLATION (0xc0000005) at pc=0x00007fffa63d9b67]

VM state: not at safepoint (not fully initialized)

VM Mutex/Monitor currently owned by a thread:  ([mutex/lock_event])
[0x0000012544512640] Heap_lock - owner thread: 0x00000125445175d0

Heap address: 0x00000000e0000000, size: 512 MB, Compressed Oops mode: 32-bit

CDS archive(s) mapped at: [0x0000000000000000-0x0000000000000000-0x0000000000000000), size 0, SharedBaseAddress: 0x0000000800000000, ArchiveRelocationMode: 1.
Narrow klass base: 0x0000000000000000, Narrow klass shift: 0, Narrow klass range: 0x0

GC Precious Log:
<Empty>

Heap:
 garbage-first heap   total 0K, used 0K [0x00000000e0000000, 0x0000000100000000)
  region size 1024K, 0 young (0K), 0 survivors (0K)

[error occurred during error reporting (printing heap information), id 0xc0000005, EXCEPTION_ACCESS_VIOLATION (0xc0000005) at pc=0x00007fffa67c3859]

GC Heap History (0 events):
No events

Deoptimization events (0 events):
No events

Classes unloaded (0 events):
No events

Classes redefined (0 events):
No events

Internal exceptions (0 events):
No events

VM Operations (0 events):
No events

Events (1 events):
Event: 0.008 Loaded shared library C:\Program Files\Java\jdk-17\bin\java.dll


Dynamic libraries:
0x00007ff7ca850000 - 0x00007ff7ca860000 	C:\Program Files\Java\jdk-17\bin\java.exe
0x00007ff812c10000 - 0x00007ff812e08000 	C:\Windows\SYSTEM32\ntdll.dll
0x00007ff811c70000 - 0x00007ff811d32000 	C:\Windows\System32\KERNEL32.DLL
0x00007ff8104e0000 - 0x00007ff8107d6000 	C:\Windows\System32\KERNELBASE.dll
0x00007ff810a60000 - 0x00007ff810b60000 	C:\Windows\System32\ucrtbase.dll
0x00007ff802020000 - 0x00007ff802039000 	C:\Program Files\Java\jdk-17\bin\jli.dll
0x00007ff802040000 - 0x00007ff80205b000 	C:\Program Files\Java\jdk-17\bin\VCRUNTIME140.dll
0x00007ff812af0000 - 0x00007ff812b9f000 	C:\Windows\System32\ADVAPI32.dll
0x00007ff8119d0000 - 0x00007ff811a6e000 	C:\Windows\System32\msvcrt.dll
0x00007ff811920000 - 0x00007ff8119bf000 	C:\Windows\System32\sechost.dll
0x00007ff811a70000 - 0x00007ff811b93000 	C:\Windows\System32\RPCRT4.dll
0x00007ff8108d0000 - 0x00007ff8108f7000 	C:\Windows\System32\bcrypt.dll
0x00007ff812560000 - 0x00007ff8126fd000 	C:\Windows\System32\USER32.dll
0x00007ff8104b0000 - 0x00007ff8104d2000 	C:\Windows\System32\win32u.dll
0x00007ff812370000 - 0x00007ff81239b000 	C:\Windows\System32\GDI32.dll
0x00007ff804a10000 - 0x00007ff804caa000 	C:\Windows\WinSxS\amd64_microsoft.windows.common-controls_6595b64144ccf1df_6.0.19041.5794_none_60bcd33171f2783c\COMCTL32.dll
0x00007ff810390000 - 0x00007ff8104aa000 	C:\Windows\System32\gdi32full.dll
0x00007ff810830000 - 0x00007ff8108cd000 	C:\Windows\System32\msvcp_win.dll
0x00007ff805990000 - 0x00007ff80599a000 	C:\Windows\SYSTEM32\VERSION.dll
0x00007ff812530000 - 0x00007ff81255f000 	C:\Windows\System32\IMM32.DLL
0x00007ff80b610000 - 0x00007ff80b61c000 	C:\Program Files\Java\jdk-17\bin\vcruntime140_1.dll
0x00007fffd4fc0000 - 0x00007fffd504e000 	C:\Program Files\Java\jdk-17\bin\msvcp140.dll
0x00007fffa60f0000 - 0x00007fffa6cd0000 	C:\Program Files\Java\jdk-17\bin\server\jvm.dll
0x00007ff8121a0000 - 0x00007ff8121a8000 	C:\Windows\System32\PSAPI.DLL
0x00007ff801cc0000 - 0x00007ff801ce7000 	C:\Windows\SYSTEM32\WINMM.dll
0x00007ff80d400000 - 0x00007ff80d409000 	C:\Windows\SYSTEM32\WSOCK32.dll
0x00007ff811d40000 - 0x00007ff811dab000 	C:\Windows\System32\WS2_32.dll
0x00007ff80eaa0000 - 0x00007ff80eab2000 	C:\Windows\SYSTEM32\kernel.appcore.dll
0x00007ffffddc0000 - 0x00007ffffddca000 	C:\Program Files\Java\jdk-17\bin\jimage.dll
0x00007ff80e0b0000 - 0x00007ff80e2b1000 	C:\Windows\SYSTEM32\DBGHELP.DLL
0x00007ff806260000 - 0x00007ff806294000 	C:\Windows\SYSTEM32\dbgcore.DLL
0x00007ff810300000 - 0x00007ff810382000 	C:\Windows\System32\bcryptPrimitives.dll
0x00007ffffdd90000 - 0x00007ffffddb5000 	C:\Program Files\Java\jdk-17\bin\java.dll

dbghelp: loaded successfully - version: 4.0.5 - missing functions: none
symbol engine: initialized successfully - sym options: 0x614 - pdb path: .;C:\Program Files\Java\jdk-17\bin;C:\Windows\SYSTEM32;C:\Windows\WinSxS\amd64_microsoft.windows.common-controls_6595b64144ccf1df_6.0.19041.5794_none_60bcd33171f2783c;C:\Program Files\Java\jdk-17\bin\server

VM Arguments:
jvm_args: -Dorg.gradle.internal.worker.tmpdir=C:\Users\kit67\OneDrive\Рабочий стол\LR6\server\build\tmp\test\work -Xmx512m -Dfile.encoding=windows-1251 -Duser.country=RU -Duser.language=ru -Duser.variant -ea 
java_command: worker.org.gradle.process.internal.worker.GradleWorkerMain 'Gradle Test Executor 3'
java_class_path (initial): C:\Users\kit67\.gradle\caches\8.14\workerMain\gradle-worker.jar;C:\Users\kit67\OneDrive\Рабочий стол\LR6\server\build\classes\java\test;C:\Users\kit67\OneDrive\Рабочий стол\LR6\server\build\classes\java\main;C:\Users\kit67\OneDrive\Рабочий стол\LR6\utilities\build\libs\utilities-1.0-SNAPSHOT.jar;C:\Users\kit67\OneDrive\Рабочий стол\LR6\list\build\libs\list-1.0-SNAPSHOT.jar;C:\Users\kit67\.gradle\caches\modules-2\files-2.1\org.apache.commons\commons-text\1.13.0\ba2ed5521c491cabf7ecdb57f77922561c2e8958\commons-text-1.13.0.jar;C:\Users\kit67\.gradle\caches\modules-2\files-2.1\org.junit.jupiter\junit-jupiter-params\5.12.1\a879b3b05785b66201e30709e7c61662b269cbd1\junit-jupiter-params-5.12.1.jar;C:\Users\kit67\.gradle\caches\modules-2\files-2.1\org.junit.jupiter\junit-jupiter-engine\5.12.1\fec974a323cb74d080b7801abba2e79e01cadbfe\junit-jupiter-engine-5.12.1.jar;C:\Users\kit67\.gradle\caches\modules-2\files-2.1\org.junit.jupiter\junit-jupiter-api\5.12.1\9ed9e01546d4eb0840769b5d0ac7924531e98d7d\junit-jupiter-api-5.12.1.jar;C:\Users\kit67\.gradle\caches\modules-2\files-2.1\org.junit.platform\junit-platform-launcher\1.12.1\ff5af5e325705fb1d5926a0235cc655c4e96bf1d\junit-platform-launcher-1.12.1.jar;C:\Users\kit67\.gradle\caches\modules-2\files-2.1\org.junit.platform\junit-platform-engine\1.12.1\fc105f3430d6392a4d033fe6f9d58eddd1a03594\junit-platform-engine-1.12.1.jar;C:\Users\kit67\.gradle\caches\modules-2\files-2.1\org.junit.platform\junit-platform-commons\1.12.1\d34adac31a6974eec6611cc129927a2e2cfe89ee\junit-platform-commons-1.12.1.jar;C:\Users\kit67\.gradle\caches\modules-2\files-2.1\org.junit.jupiter\junit-jupiter\5.12.1\a0abf9f70d0b90f8e1fbf75c6c63d0a9834618e8\junit-jupiter-5.12.1.jar;C:\Users\kit67\.gradle\caches\modules-2\files-2.1\org.apache.commons\commons-lang3\3.17.0\b17d2136f0460dcc0d2016ceefca8723bdf4ee70\commons-lang3-3.17.0.jar;C:\Users\kit67\.gradle\caches\modules-2\files-2.1\org.opentest4j\opentest4j\1.3.0\152ea56b3a72f655d4fd677fc
Launcher Type: SUN_STANDARD

[Global flags]
     intx CICompilerCount                          = 4                                         {product} {ergonomic}
     uint ConcGCThreads                            = 3                                         {product} {ergonomic}
     uint G1ConcRefinementThreads                  = 10                                        {product} {ergonomic}
   size_t G1HeapRegionSize                         = 1048576                                   {product} {ergonomic}
    uintx GCDrainStackTargetSize                   = 64                                        {product} {ergonomic}
   size_t InitialHeapSize                          = 257949696                                 {product} {ergonomic}
   size_t MarkStackSize                            = 4194304                                   {product} {ergonomic}
   size_t MaxHeapSize                              = 536870912                                 {product} {command line}
   size_t MinHeapDeltaBytes                        = 1048576                                   {product} {ergonomic}
   size_t MinHeapSize                              = 8388608                                   {product} {ergonomic}
    uintx NonNMethodCodeHeapSize                   = 5839372                                {pd product} {ergonomic}
    uintx NonProfiledCodeHeapSize                  = 122909434                              {pd product} {ergonomic}
    uintx ProfiledCodeHeapSize                     = 122909434                              {pd product} {ergonomic}
    uintx ReservedCodeCacheSize                    = 251658240                              {pd product} {ergonomic}
     bool SegmentedCodeCache                       = true                                      {product} {ergonomic}
   size_t SoftMaxHeapSize                          = 536870912                              {manageable} {ergonomic}
     bool UseCompressedClassPointers               = true                           {product lp64_product} {ergonomic}
     bool UseCompressedOops                        = true                           {product lp64_product} {ergonomic}
     bool UseG1GC                                  = true                                      {product} {ergonomic}
     bool UseLargePagesIndividualAllocation        = false                                  {pd product} {ergonomic}

Logging:
Log output configuration:
 #0: stdout all=warning uptime,level,tags
 #1: stderr all=off uptime,level,tags

Environment Variables:
JAVA_HOME=C:\Program Files\Java\jdk-17
PATH=C:\Program Files\Java\jdk-17\bin;C:\Program Files\Common Files\Oracle\Java\javapath;C:\ProgramData\Oracle\Java\javapath;C:\Windows\system32;C:\Windows;C:\Windows\System32\Wbem;C:\Windows\System32\WindowsPowerShell\v1.0\;C:\Windows\System32\OpenSSH\;C:\Program Files\dotnet\;D:\Programs\Git\cmd;D:\Programs\MiKTeX\miktex\bin\x64\;D:\Programs\Maven\apache-maven-3.9.9\bin;C:\python\Scripts\;C:\python\;C:\Users\kit67\AppData\Local\Programs\Python\Launcher\;C:\Users\kit67\AppData\Local\Microsoft\WindowsApps;C:\Users\kit67\AppData\Local\Programs\Microsoft VS Code\bin;C:\Program Files\Java\jdk-17\bin;C:\Users\kit673\AppData\Local\pip;D:\Programs\Maven\apache-maven-3.9.9\bin;D:\Programs\cursor\resources\app\bin;D:\Programs\gradle\gradle-8.14\bin;
USERNAME=kit67
LANG=en_US.UTF-8
OS=Windows_NT
PROCESSOR_IDENTIFIER=AMD64 Family 23 Model 104 Stepping 1, AuthenticAMD



---------------  S Y S T E M  ---------------

OS:
 Windows 10 , 64 bit Build 19041 (10.0.19041.5794)
OS uptime: 4 days 21:24 hours

CPU: total 12 (initial active 12) (12 cores per cpu, 2 threads per core) family 23 model 104 stepping 1 microcode 0x0, cx8, cmov, fxsr, ht, mmx, 3dnowpref, sse, sse2, sse3, ssse3, sse4a, sse4.1, sse4.2, popcnt, lzcnt, tsc, tscinvbit, avx, avx2, aes, clmul, bmi1, bmi2, adx, sha, fma, vzeroupper, clflush, clflushopt

Memory: 4k page, system-wide physical 15706M (365M free)
TotalPageFile size 31066M (AvailPageFile size 154M)
current process WorkingSet (physical memory assigned to process): 10M, peak: 10M
current process commit charge ("private bytes"): 63M, peak: 309M

vm_info: Java HotSpot(TM) 64-Bit Server VM (17.0.12+8-LTS-286) for windows-amd64 JRE (17.0.12+8-LTS-286), built on Jun  5 2024 06:46:59 by "mach5one" with MS VC++ 17.6 (VS2022)

END.
